This is pdfTeX, Version 3.141592653-2.6-1.40.24 (TeX Live 2022) (preloaded format=pdflatex 2023.1.16)  19 JAN 2023 00:29
entering extended mode
 restricted \write18 enabled.
 %&-line parsing enabled.
**slides_cz.tex
(./slides_cz.tex
LaTeX2e <2022-11-01> patch level 1
L3 programming layer <2022-12-17>

! LaTeX Error: Missing \begin{document}.

See the LaTeX manual or LaTeX Companion for explanation.
Type  H <return>  for immediate help.
 ...                                              
                                                  
l.21   \frametitle
                  {Motivace}
? X
 
Here is how much of TeX's memory you used:
 18 strings out of 476093
 534 string characters out of 5795583
 1848787 words of memory out of 5000000
 20498 multiletter control sequences out of 15000+600000
 512287 words of font info for 32 fonts, out of 8000000 for 9000
 1141 hyphenation exceptions out of 8191
 13i,0n,12p,204b,22s stack positions out of 10000i,1000n,20000p,200000b,200000s
No pages of output.
PDF statistics:
 0 PDF objects out of 1000 (max. 8388607)
 0 named destinations out of 1000 (max. 500000)
 1 words of extra memory for PDF output out of 10000 (max. 10000000)

