\BOOKMARK [0][-]{chapter.1}{\376\377\000\332\000v\000o\000d}{}% 1
\BOOKMARK [0][-]{chapter.2}{\376\377\000A\000b\000s\000t\000r\000a\000k\000t}{}% 2
\BOOKMARK [0][-]{chapter.3}{\376\377\000P\001\131\000\355\000p\000r\000a\000v\000a\000\040\000z\000\341\000k\000l\000a\000d\000n\000\355\000\040\000s\000t\000r\000u\000k\000t\000u\000r\000y\000\040\000p\000r\000\341\000c\000e}{}% 3
\BOOKMARK [1][-]{section.3.1}{\376\377\000U\001\176\000i\000t\000e\001\015\000n\000\351\000\040\000r\000a\000d\000y\000\040\000p\000r\000o\000\040\000p\000s\000a\000n\000\355\000\040\000o\000d\000b\000o\000r\000n\000\351\000h\000o\000\040\000t\000e\000x\000t\000u}{chapter.3}% 4
\BOOKMARK [1][-]{section.3.2}{\376\377\000K\000o\000m\000u\000\040\000s\000e\000\040\000p\000\355\001\141\000e\000\040\000d\000i\000p\000l\000o\000m\000k\000a}{chapter.3}% 5
\BOOKMARK [1][-]{section.3.3}{\376\377\000S\000t\000r\000u\000k\000t\000u\000r\000a\000\040\000d\000i\000p\000l\000o\000m\000o\000v\000\351\000\040\000p\000r\000\341\000c\000e\000\040\040\023\000\040\000P\001\033\000t\000\040\000k\000a\000p\000i\000t\000o\000l}{chapter.3}% 6
\BOOKMARK [1][-]{section.3.4}{\376\377\000D\000i\000p\000l\000o\000m\000k\000a\000\040\040\023\000\040\000k\000o\000m\000i\000k\000s\000o\000v\000\341\000\040\000e\000d\000i\000c\000e}{chapter.3}% 7
\BOOKMARK [1][-]{section.3.5}{\376\377\000J\000a\000k\000\040\000p\000o\000j\000m\000e\000n\000o\000v\000a\000t\000\040\000k\000a\000p\000i\000t\000o\000l\000y}{chapter.3}% 8
\BOOKMARK [1][-]{section.3.6}{\376\377\000O\000b\000e\000c\000n\000\351\000\040\000r\000a\000d\000y\000\040\000z\000k\000u\001\141\000e\000n\000\375\000c\000h\000\040\000v\000e\000d\000o\000u\000c\000\355\000c\000h}{chapter.3}% 9
\BOOKMARK [0][-]{chapter.4}{\376\377\000J\000e\000d\000n\000o\000t\000l\000i\000v\000\351\000\040\000k\000a\000p\000i\000t\000o\000l\000y\000\040\000p\000r\000\341\000c\000e}{}% 10
\BOOKMARK [1][-]{section.4.1}{\376\377\000O\000b\000s\000a\000h}{chapter.4}% 11
\BOOKMARK [1][-]{section.4.2}{\376\377\000\332\000v\000o\000d}{chapter.4}% 12
\BOOKMARK [1][-]{section.4.3}{\376\377\000S\000h\000r\000n\000u\000t\000\355\000\040\000d\000o\000s\000a\000v\000a\000d\000n\000\355\000h\000o\000\040\000s\000t\000a\000v\000u}{chapter.4}% 13
\BOOKMARK [1][-]{section.4.4}{\376\377\000D\000a\000t\000a}{chapter.4}% 14
\BOOKMARK [1][-]{section.4.5}{\376\377\000Z\000h\000o\000d\000n\000o\000c\000e\000n\000\355\000\040\000s\000o\000u\001\015\000a\000s\000n\000\351\000h\000o\000\040\000s\000t\000a\000v\000u\000\040\000a\000\040\000p\000l\000\341\000n\000\040\000p\000r\000\341\000c\000e\000\040\000\050\000n\000\341\000v\000r\000h\000\051}{chapter.4}% 15
\BOOKMARK [1][-]{section.4.6}{\376\377\000U\001\176\000i\000v\000a\000t\000e\000l\000s\000k\000\351\000\040\000r\000o\000z\000h\000r\000a\000n\000\355}{chapter.4}% 16
\BOOKMARK [1][-]{section.4.7}{\376\377\000I\000m\000p\000l\000e\000m\000e\000n\000t\000a\000c\000e}{chapter.4}% 17
\BOOKMARK [1][-]{section.4.8}{\376\377\000T\000e\000s\000t\000o\000v\000\341\000n\000\355}{chapter.4}% 18
\BOOKMARK [1][-]{section.4.9}{\376\377\000Z\000\341\000v\001\033\000r}{chapter.4}% 19
\BOOKMARK [1][-]{section.4.10}{\376\377\000P\001\131\000\355\000l\000o\000h\000y}{chapter.4}% 20
\BOOKMARK [0][-]{chapter.5}{\376\377\000P\000r\000a\000v\000i\000d\000l\000a\000\040\000p\000r\000o\000\040\000b\000i\000b\000l\000i\000o\000g\000r\000a\000f\000i\000c\000k\000\351\000\040\000c\000i\000t\000a\000c\000e}{}% 21
\BOOKMARK [1][-]{section.5.1}{\376\377\000D\000e\000f\000i\000n\000i\000c\000e\000\040\000p\000o\000j\000m\001\157}{chapter.5}% 22
\BOOKMARK [1][-]{section.5.2}{\376\377\000P\001\131\000e\000b\000\355\000r\000\341\000n\000\355\000\040\000c\000i\000z\000\355\000c\000h\000\040\000t\000e\000x\000t\001\157}{chapter.5}% 23
\BOOKMARK [1][-]{section.5.3}{\376\377\000Z\000\341\000k\000l\000a\000d\000n\000\355\000\040\000p\000r\000i\000n\000c\000i\000p\000y\000\040\000c\000i\000t\000o\000v\000\341\000n\000\355}{chapter.5}% 24
\BOOKMARK [1][-]{section.5.4}{\376\377\000C\000i\000t\000a\001\015\000n\000\355\000\040\000n\000o\000r\000m\000y}{chapter.5}% 25
\BOOKMARK [1][-]{section.5.5}{\376\377\000V\000y\000u\001\176\000i\000t\000\355\000\040\000e\000l\000e\000k\000t\000r\000o\000n\000i\000c\000k\000\375\000c\000h\000\040\000z\000d\000r\000o\000j\001\157}{chapter.5}% 26
\BOOKMARK [1][-]{section.5.6}{\376\377\000E\000v\000e\000r\000g\000r\000e\000e\000n\000:\000\040\000c\000i\000t\000o\000v\000\341\000n\000\355\000\040\000w\000e\000b\000u\000\040\000v\000s\000.\000\040\000p\000a\000p\000\355\000r\000u}{chapter.5}% 27
\BOOKMARK [1][-]{section.5.7}{\376\377\000S\000a\000z\000b\000a\000\040\000c\000i\000t\000a\000c\000\355}{chapter.5}% 28
\BOOKMARK [0][-]{chapter.6}{\376\377\000F\000o\000r\000m\000\341\000l\000n\000\355\000\040\000s\000t\000r\000\341\000n\000k\000a\000\040\000p\000r\000\341\000c\000e}{}% 29
\BOOKMARK [1][-]{section.6.1}{\376\377\001\014\000a\000s\000t\000\351\000\040\000c\000h\000y\000b\000y}{chapter.6}% 30
\BOOKMARK [0][-]{chapter.7}{\376\377\000O\000d\000e\000v\000z\000d\000\341\000n\000\355\000\040\000p\000r\000\341\000c\000e}{}% 31
\BOOKMARK [1][-]{section.7.1}{\376\377\000O\000d\000e\000v\000z\000d\000\341\000n\000\355\000\040\000l\000i\000s\000t\000i\000n\000n\000\351\000\040\000f\000o\000r\000m\000y\000\040\000p\000r\000\341\000c\000e}{chapter.7}% 32
\BOOKMARK [1][-]{section.7.2}{\376\377\000J\000a\000k\000\040\000o\000d\000e\000v\000z\000d\000a\000t\000\040\000p\000r\000\341\000c\000i\000\040\000v\000\040\000I\000S\000\040\000F\000I\000T}{chapter.7}% 33
\BOOKMARK [0][-]{chapter.8}{\376\377\000Z\000\341\000v\001\033\000r}{}% 34
\BOOKMARK [0][-]{chapter*.62}{\376\377\000L\000i\000t\000e\000r\000a\000t\000u\000r\000a}{}% 35
\BOOKMARK [0][-]{appendix.A}{\376\377\000J\000a\000k\000\040\000p\000r\000a\000c\000o\000v\000a\000t\000\040\000s\000\040\000t\000o\000u\000t\000o\000\040\001\141\000a\000b\000l\000o\000n\000o\000u}{}% 36
\BOOKMARK [0][-]{appendix.B}{\376\377\000P\000s\000a\000n\000\355\000\040\000a\000n\000g\000l\000i\000c\000k\000\351\000h\000o\000\040\000t\000e\000x\000t\000u}{}% 37
\BOOKMARK [0][-]{appendix.C}{\376\377\000C\000h\000e\000c\000k\000l\000i\000s\000t}{}% 38
\BOOKMARK [0][-]{appendix.D}{\376\377\000L\000a\000T\000e\000X\000p\000r\000o\000\040\000z\000a\001\015\000\341\000t\000e\001\015\000n\000\355\000k\000y}{}% 39
\BOOKMARK [0][-]{appendix.E}{\376\377\000P\001\131\000\355\000k\000l\000a\000d\000y\000\040\000b\000i\000b\000l\000i\000o\000g\000r\000a\000f\000i\000c\000k\000\375\000c\000h\000\040\000c\000i\000t\000a\000c\000\355}{}% 40
